2936
1804
Traceback (most recent call last):
  File "refine.py", line 33, in <module>
    common_sense_embeddings = [model(tokenizer(text, return_tensors='pt').input_ids).last_hidden_state.mean(dim=1).detach().numpy() for text in common_sense_group['type_relation']]
  File "refine.py", line 33, in <listcomp>
    common_sense_embeddings = [model(tokenizer(text, return_tensors='pt').input_ids).last_hidden_state.mean(dim=1).detach().numpy() for text in common_sense_group['type_relation']]
  File "/data/conda/lama3_new/lib/python3.8/site-packages/torch/nn/modules/module.py", line 1501, in _call_impl
    return forward_call(*args, **kwargs)
  File "/homes/rebboud/.local/lib/python3.8/site-packages/transformers/models/bert/modeling_bert.py", line 1013, in forward
    encoder_outputs = self.encoder(
  File "/data/conda/lama3_new/lib/python3.8/site-packages/torch/nn/modules/module.py", line 1501, in _call_impl
    return forward_call(*args, **kwargs)
  File "/homes/rebboud/.local/lib/python3.8/site-packages/transformers/models/bert/modeling_bert.py", line 607, in forward
    layer_outputs = layer_module(
  File "/data/conda/lama3_new/lib/python3.8/site-packages/torch/nn/modules/module.py", line 1501, in _call_impl
    return forward_call(*args, **kwargs)
  File "/homes/rebboud/.local/lib/python3.8/site-packages/transformers/models/bert/modeling_bert.py", line 497, in forward
    self_attention_outputs = self.attention(
  File "/data/conda/lama3_new/lib/python3.8/site-packages/torch/nn/modules/module.py", line 1501, in _call_impl
    return forward_call(*args, **kwargs)
  File "/homes/rebboud/.local/lib/python3.8/site-packages/transformers/models/bert/modeling_bert.py", line 427, in forward
    self_outputs = self.self(
  File "/data/conda/lama3_new/lib/python3.8/site-packages/torch/nn/modules/module.py", line 1501, in _call_impl
    return forward_call(*args, **kwargs)
  File "/homes/rebboud/.local/lib/python3.8/site-packages/transformers/models/bert/modeling_bert.py", line 286, in forward
    mixed_query_layer = self.query(hidden_states)
  File "/data/conda/lama3_new/lib/python3.8/site-packages/torch/nn/modules/module.py", line 1501, in _call_impl
    return forward_call(*args, **kwargs)
  File "/data/conda/lama3_new/lib/python3.8/site-packages/torch/nn/modules/linear.py", line 114, in forward
    return F.linear(input, self.weight, self.bias)
KeyboardInterrupt
2936
1804
